2014-04-22 23:26:22.552 HealthPassport[30636:70b] Multi-tasking -> Device: YES, App: YES
2014-04-22 23:26:22.590 HealthPassport[30636:70b] Unlimited access to network resources
2014-04-22 23:26:23.030 HealthPassport[30636:70b] Resetting plugins due to page load.
2014-04-22 23:26:23.290 HealthPassport[30636:70b] Finished load of: file:///Users/nicolagreco/Library/Application%20Support/iPhone%20Simulator/7.1/Applications/7B8824EE-7335-4884-AEDE-0646ED0C2FB9/HealthPassport.app/www/index.html#/
Terminating in response to SpringBoard's termination.
2014-04-23 13:55:29.082 HealthPassport[40008:70b] Multi-tasking -> Device: YES, App: YES
2014-04-23 13:55:29.138 HealthPassport[40008:70b] Unlimited access to network resources
2014-04-23 13:55:29.554 HealthPassport[40008:70b] Resetting plugins due to page load.
2014-04-23 13:55:29.731 HealthPassport[40008:70b] Finished load of: file:///Users/nicolagreco/Library/Application%20Support/iPhone%20Simulator/7.1/Applications/7B8824EE-7335-4884-AEDE-0646ED0C2FB9/HealthPassport.app/www/index.html#/
2014-04-23 13:56:27.152 HealthPassport[42832:70b] Multi-tasking -> Device: YES, App: YES
2014-04-23 13:56:27.173 HealthPassport[42832:70b] Unlimited access to network resources
2014-04-23 13:56:27.336 HealthPassport[42832:70b] Resetting plugins due to page load.
2014-04-23 13:56:27.678 HealthPassport[42832:70b] Finished load of: file:///Users/nicolagreco/Library/Application%20Support/iPhone%20Simulator/7.1/Applications/7B8824EE-7335-4884-AEDE-0646ED0C2FB9/HealthPassport.app/www/index.html#/
2014-04-23 14:07:32.206 HealthPassport[47344:70b] Multi-tasking -> Device: YES, App: YES
2014-04-23 14:07:32.217 HealthPassport[47344:70b] Unlimited access to network resources
2014-04-23 14:07:32.361 HealthPassport[47344:70b] Resetting plugins due to page load.
2014-04-23 14:07:32.753 HealthPassport[47344:70b] Finished load of: file:///Users/nicolagreco/Library/Application%20Support/iPhone%20Simulator/7.1/Applications/7B8824EE-7335-4884-AEDE-0646ED0C2FB9/HealthPassport.app/www/index.html#/
2014-04-23 14:41:33.994 HealthPassport[54742:70b] Multi-tasking -> Device: YES, App: YES
2014-04-23 14:41:34.005 HealthPassport[54742:70b] Unlimited access to network resources
2014-04-23 14:41:34.642 HealthPassport[54742:70b] Resetting plugins due to page load.
2014-04-23 14:41:35.110 HealthPassport[54742:70b] Finished load of: file:///Users/nicolagreco/Library/Application%20Support/iPhone%20Simulator/7.1/Applications/7B8824EE-7335-4884-AEDE-0646ED0C2FB9/HealthPassport.app/www/index.html#/
